<?xml version="1.0" encoding="UTF-8"?>
<!-- Generated by org.testng.reporters.JUnitReportReporter -->
<testsuite name="com.csg.tau.demo.Demo_Frames" tests="3" time="37.632" ignored="0" failures="0" timestamp="29 Mar 2020 05:16:24 GMT" skipped="0" hostname="DESKTOP-KF4Q4EC" errors="0">
  <testcase name="f3" time="12.417" classname="com.csg.tau.demo.Demo_Frames"/>
  <testcase name="f3" time="12.839" classname="com.csg.tau.demo.Demo_Frames"/>
  <testcase name="f3" time="12.376" classname="com.csg.tau.demo.Demo_Frames"/>
</testsuite> <!-- com.csg.tau.demo.Demo_Frames -->
