<?xml version="1.0" encoding="UTF-8"?>
<!-- Generated by org.testng.reporters.JUnitReportReporter -->
<testsuite name="com.csg.tau.demo.Demo_Robot_download" tests="1" time="47.595" ignored="0" failures="0" timestamp="22 Mar 2020 08:34:51 GMT" skipped="0" hostname="DESKTOP-KF4Q4EC" errors="0">
  <testcase name="f4" time="47.595" classname="com.csg.tau.demo.Demo_Robot_download"/>
</testsuite> <!-- com.csg.tau.demo.Demo_Robot_download -->
