<?xml version="1.0" encoding="UTF-8"?>
<!-- Generated by org.testng.reporters.JUnitReportReporter -->
<testsuite name="com.csg.tau.demo.MultiWindow" tests="1" time="65.998" ignored="0" failures="0" timestamp="28 Mar 2020 06:14:31 GMT" skipped="0" hostname="DESKTOP-KF4Q4EC" errors="0">
  <testcase name="f1" time="65.998" classname="com.csg.tau.demo.MultiWindow"/>
</testsuite> <!-- com.csg.tau.demo.MultiWindow -->
