<?xml version="1.0" encoding="UTF-8"?>
<!-- Generated by org.testng.reporters.JUnitReportReporter -->
<testsuite name="com.csg.tau.demo.demo_method" tests="5" time="103.092" ignored="0" failures="0" timestamp="22 Mar 2020 08:34:52 GMT" skipped="0" hostname="DESKTOP-KF4Q4EC" errors="0">
  <testcase name="Orange" time="21.785" classname="com.csg.tau.demo.demo_method"/>
  <testcase name="Papita" time="20.481" classname="com.csg.tau.demo.demo_method"/>
  <testcase name="Test1" time="21.083" classname="com.csg.tau.demo.demo_method"/>
  <testcase name="apple" time="21.674" classname="com.csg.tau.demo.demo_method"/>
  <testcase name="fruit" time="18.069" classname="com.csg.tau.demo.demo_method"/>
</testsuite> <!-- com.csg.tau.demo.demo_method -->
