<?xml version="1.0" encoding="UTF-8"?>
<!-- Generated by org.testng.reporters.JUnitReportReporter -->
<testsuite name="com.csg.tau.demo.Demo_Robot" tests="1" time="29.705" ignored="0" failures="0" timestamp="22 Mar 2020 08:34:52 GMT" skipped="0" hostname="DESKTOP-KF4Q4EC" errors="0">
  <testcase name="f2" time="29.705" classname="com.csg.tau.demo.Demo_Robot"/>
</testsuite> <!-- com.csg.tau.demo.Demo_Robot -->
